[2025-07-11 21:08:38] 系统自检开始...
[2025-07-11 21:08:38] ✓ numpy 已安装
[2025-07-11 21:08:38] ✓ torch 已安装
[2025-07-11 21:08:38] ✓ ttkbootstrap 已安装
[2025-07-11 21:08:38] ✓ matplotlib 已安装
[2025-07-11 21:08:38] ✓ 目录 C:\Users\19423\Desktop\MemoAI_V2_UI\log 存在
[2025-07-11 21:08:38] ✓ 目录 C:\Users\19423\Desktop\MemoAI_V2_UI\memory 存在
[2025-07-11 21:08:38] ✓ 目录 C:\Users\19423\Desktop\MemoAI_V2_UI\model 存在
[2025-07-11 21:08:38] ✗ CUDA 不可用，将使用CPU
[2025-07-11 21:08:38] 系统自检完成，所有必要组件已就绪
[2025-07-11 21:09:02] 系统自检开始...
[2025-07-11 21:09:02] ✓ numpy 已安装
[2025-07-11 21:09:02] ✓ torch 已安装
[2025-07-11 21:09:02] ✓ ttkbootstrap 已安装
[2025-07-11 21:09:02] ✓ matplotlib 已安装
[2025-07-11 21:09:02] ✓ 目录 C:\Users\19423\Desktop\MemoAI_V2_UI\log 存在
[2025-07-11 21:09:02] ✓ 目录 C:\Users\19423\Desktop\MemoAI_V2_UI\memory 存在
[2025-07-11 21:09:02] ✓ 目录 C:\Users\19423\Desktop\MemoAI_V2_UI\model 存在
[2025-07-11 21:09:02] ✗ CUDA 不可用，将使用CPU
[2025-07-11 21:09:02] 系统自检完成，所有必要组件已就绪
[2025-07-11 21:10:31] 系统自检开始...
[2025-07-11 21:10:31] ✓ numpy 已安装
[2025-07-11 21:10:31] ✓ torch 已安装
[2025-07-11 21:10:31] ✓ ttkbootstrap 已安装
[2025-07-11 21:10:31] ✓ matplotlib 已安装
[2025-07-11 21:10:31] ✓ 目录 C:\Users\19423\Desktop\MemoAI_V2_UI\log 存在
[2025-07-11 21:10:31] ✓ 目录 C:\Users\19423\Desktop\MemoAI_V2_UI\memory 存在
[2025-07-11 21:10:31] ✓ 目录 C:\Users\19423\Desktop\MemoAI_V2_UI\model 存在
[2025-07-11 21:10:31] ✗ CUDA 不可用，将使用CPU
[2025-07-11 21:10:31] 系统自检完成，所有必要组件已就绪
[2025-07-11 21:10:31] 词汇表已加载，包含 101 个字符
[2025-07-11 21:10:31] 模型已初始化，使用设备: cpu
[2025-07-11 21:10:32] 模型文件 C:\Users\19423\Desktop\MemoAI_V2_UI\model\dialog_model.pth 不存在
[2025-07-11 21:10:32] 将使用新模型进行训练
[2025-07-11 21:11:59] 系统自检开始...
[2025-07-11 21:11:59] ✓ numpy 已安装
[2025-07-11 21:11:59] ✓ torch 已安装
[2025-07-11 21:11:59] ✓ ttkbootstrap 已安装
[2025-07-11 21:11:59] ✓ matplotlib 已安装
[2025-07-11 21:11:59] ✓ 目录 C:\Users\19423\Desktop\MemoAI_V2_UI\log 存在
[2025-07-11 21:11:59] ✓ 目录 C:\Users\19423\Desktop\MemoAI_V2_UI\memory 存在
[2025-07-11 21:11:59] ✓ 目录 C:\Users\19423\Desktop\MemoAI_V2_UI\model 存在
[2025-07-11 21:11:59] ✗ CUDA 不可用，将使用CPU
[2025-07-11 21:11:59] 系统自检完成，所有必要组件已就绪
[2025-07-11 21:11:59] 词汇表已加载，包含 101 个字符
[2025-07-11 21:11:59] 模型已初始化，使用设备: cpu
[2025-07-11 21:12:00] 模型文件 C:\Users\19423\Desktop\MemoAI_V2_UI\model\dialog_model.pth 不存在
[2025-07-11 21:12:00] 将使用新模型进行训练
[2025-07-11 21:13:23] 系统自检开始...
[2025-07-11 21:13:23] ✓ numpy 已安装
[2025-07-11 21:13:23] ✓ torch 已安装
[2025-07-11 21:13:23] ✓ ttkbootstrap 已安装
[2025-07-11 21:13:23] ✓ matplotlib 已安装
[2025-07-11 21:13:23] ✓ 目录 C:\Users\19423\Desktop\MemoAI_V2_UI\log 存在
[2025-07-11 21:13:23] ✓ 目录 C:\Users\19423\Desktop\MemoAI_V2_UI\memory 存在
[2025-07-11 21:13:23] ✓ 目录 C:\Users\19423\Desktop\MemoAI_V2_UI\model 存在
[2025-07-11 21:13:23] ✗ CUDA 不可用，将使用CPU
[2025-07-11 21:13:23] 系统自检完成，所有必要组件已就绪
[2025-07-11 21:13:23] 词汇表已加载，包含 101 个字符
[2025-07-11 21:13:23] 模型已初始化，使用设备: cpu
[2025-07-11 21:13:23] 模型文件 C:\Users\19423\Desktop\MemoAI_V2_UI\model\dialog_model.pth 不存在
[2025-07-11 21:13:23] 将使用新模型进行训练
[2025-07-11 21:15:13] 系统自检开始...
[2025-07-11 21:15:13] ✓ numpy 已安装
[2025-07-11 21:15:13] ✓ torch 已安装
[2025-07-11 21:15:13] ✓ ttkbootstrap 已安装
[2025-07-11 21:15:13] ✓ matplotlib 已安装
[2025-07-11 21:15:13] ✓ 目录 C:\Users\19423\Desktop\MemoAI_V2_UI\log 存在
[2025-07-11 21:15:13] ✓ 目录 C:\Users\19423\Desktop\MemoAI_V2_UI\memory 存在
[2025-07-11 21:15:13] ✓ 目录 C:\Users\19423\Desktop\MemoAI_V2_UI\model 存在
[2025-07-11 21:15:13] ✗ CUDA 不可用，将使用CPU
[2025-07-11 21:15:13] 系统自检完成，所有必要组件已就绪
[2025-07-11 21:15:13] 词汇表已加载，包含 101 个字符
[2025-07-11 21:15:13] 模型已初始化，使用设备: cpu
[2025-07-11 21:15:14] 模型文件 C:\Users\19423\Desktop\MemoAI_V2_UI\model\dialog_model.pth 不存在
[2025-07-11 21:15:14] 将使用新模型进行训练
[2025-07-11 21:15:16] 系统自检开始...
[2025-07-11 21:15:16] ✓ numpy 已安装
[2025-07-11 21:15:16] ✓ torch 已安装
[2025-07-11 21:15:16] ✓ ttkbootstrap 已安装
[2025-07-11 21:15:16] ✓ matplotlib 已安装
[2025-07-11 21:15:16] ✓ 目录 C:\Users\19423\Desktop\MemoAI_V2_UI\log 存在
[2025-07-11 21:15:16] ✓ 目录 C:\Users\19423\Desktop\MemoAI_V2_UI\memory 存在
[2025-07-11 21:15:16] ✓ 目录 C:\Users\19423\Desktop\MemoAI_V2_UI\model 存在
[2025-07-11 21:15:16] ✗ CUDA 不可用，将使用CPU
[2025-07-11 21:15:16] 系统自检完成，所有必要组件已就绪
[2025-07-11 21:15:16] 词汇表已加载，包含 101 个字符
[2025-07-11 21:15:16] 模型已初始化，使用设备: cpu
[2025-07-11 21:15:16] 模型文件 C:\Users\19423\Desktop\MemoAI_V2_UI\model\dialog_model.pth 不存在
[2025-07-11 21:15:16] 将使用新模型进行训练
[2025-07-11 21:15:20] 系统自检开始...
[2025-07-11 21:15:20] ✓ numpy 已安装
[2025-07-11 21:15:20] ✓ torch 已安装
[2025-07-11 21:15:20] ✓ ttkbootstrap 已安装
[2025-07-11 21:15:20] ✓ matplotlib 已安装
[2025-07-11 21:15:20] ✓ 目录 C:\Users\19423\Desktop\MemoAI_V2_UI\log 存在
[2025-07-11 21:15:20] ✓ 目录 C:\Users\19423\Desktop\MemoAI_V2_UI\memory 存在
[2025-07-11 21:15:20] ✓ 目录 C:\Users\19423\Desktop\MemoAI_V2_UI\model 存在
[2025-07-11 21:15:20] ✗ CUDA 不可用，将使用CPU
[2025-07-11 21:15:20] 系统自检完成，所有必要组件已就绪
[2025-07-11 21:15:20] 词汇表已加载，包含 101 个字符
[2025-07-11 21:15:20] 模型已初始化，使用设备: cpu
[2025-07-11 21:15:21] 模型文件 C:\Users\19423\Desktop\MemoAI_V2_UI\model\dialog_model.pth 不存在
[2025-07-11 21:15:21] 将使用新模型进行训练
[2025-07-11 21:15:23] 应用程序已退出
[2025-07-11 21:15:23] 系统自检开始...
[2025-07-11 21:15:23] ✓ numpy 已安装
[2025-07-11 21:15:23] ✓ torch 已安装
[2025-07-11 21:15:23] ✓ ttkbootstrap 已安装
[2025-07-11 21:15:23] ✓ matplotlib 已安装
[2025-07-11 21:15:23] ✓ 目录 C:\Users\19423\Desktop\MemoAI_V2_UI\log 存在
[2025-07-11 21:15:23] ✓ 目录 C:\Users\19423\Desktop\MemoAI_V2_UI\memory 存在
[2025-07-11 21:15:23] ✓ 目录 C:\Users\19423\Desktop\MemoAI_V2_UI\model 存在
[2025-07-11 21:15:23] ✗ CUDA 不可用，将使用CPU
[2025-07-11 21:15:23] 系统自检完成，所有必要组件已就绪
[2025-07-11 21:15:23] 词汇表已加载，包含 101 个字符
[2025-07-11 21:15:23] 模型已初始化，使用设备: cpu
[2025-07-11 21:15:23] 模型文件 C:\Users\19423\Desktop\MemoAI_V2_UI\model\dialog_model.pth 不存在
[2025-07-11 21:15:23] 将使用新模型进行训练
[2025-07-11 21:16:07] 系统自检开始...
[2025-07-11 21:16:07] ✓ numpy 已安装
[2025-07-11 21:16:07] ✓ torch 已安装
[2025-07-11 21:16:07] ✓ ttkbootstrap 已安装
[2025-07-11 21:16:07] ✓ matplotlib 已安装
[2025-07-11 21:16:07] ✓ 目录 C:\Users\19423\Desktop\MemoAI_V2_UI\log 存在
[2025-07-11 21:16:07] ✓ 目录 C:\Users\19423\Desktop\MemoAI_V2_UI\memory 存在
[2025-07-11 21:16:07] ✓ 目录 C:\Users\19423\Desktop\MemoAI_V2_UI\model 存在
[2025-07-11 21:16:07] ✗ CUDA 不可用，将使用CPU
[2025-07-11 21:16:07] 系统自检完成，所有必要组件已就绪
[2025-07-11 21:16:07] 词汇表已加载，包含 101 个字符
[2025-07-11 21:16:07] 模型已初始化，使用设备: cpu
[2025-07-11 21:16:08] 模型文件 C:\Users\19423\Desktop\MemoAI_V2_UI\model\dialog_model.pth 不存在
[2025-07-11 21:16:08] 将使用新模型进行训练
