2025-07-28 12:31:19,718 - INFO - 创建目录: model
2025-07-28 12:31:19,719 - INFO - 创建目录: TR
2025-07-28 12:31:19,719 - WARNING - 词汇表文件不存在，使用默认词汇表
2025-07-28 12:31:19,719 - INFO - 开始模型训练...
2025-07-28 12:31:19,719 - INFO - 使用设备: cpu
2025-07-28 12:31:19,720 - ERROR - 训练数据为空，无法继续训练
2025-07-28 12:31:31,955 - WARNING - 词汇表文件不存在，使用默认词汇表
2025-07-28 12:31:31,955 - INFO - 开始模型训练...
2025-07-28 12:31:31,956 - INFO - 使用设备: cpu
2025-07-28 12:31:31,956 - ERROR - 训练数据为空，无法继续训练
2025-07-28 12:33:32,813 - WARNING - 词汇表文件不存在，使用默认词汇表
2025-07-28 12:33:32,814 - INFO - 开始模型训练...
2025-07-28 12:33:32,814 - INFO - 使用设备: cpu
2025-07-28 12:33:32,814 - ERROR - 训练数据为空，无法继续训练
2025-07-28 12:56:09,925 - WARNING - 词汇表文件不存在，使用默认词汇表
2025-07-28 12:56:09,926 - INFO - 开始模型训练...
2025-07-28 12:56:09,926 - INFO - 使用设备: cpu
2025-07-28 12:56:09,926 - ERROR - 训练数据为空，无法继续训练
2025-07-28 13:17:32,694 - WARNING - 词汇表文件不存在，使用默认词汇表
2025-07-28 13:17:32,694 - INFO - 开始模型训练...
2025-07-28 13:17:32,694 - INFO - 使用设备: cpu
2025-07-28 13:17:32,695 - ERROR - 训练数据为空，无法继续训练
2025-07-28 13:54:46,392 - WARNING - 词汇表文件不存在，使用默认词汇表
2025-07-28 13:54:46,392 - INFO - 开始模型训练...
2025-07-28 13:54:46,392 - INFO - 使用设备: cpu
2025-07-28 13:54:46,392 - INFO - 尝试加载TR目录: F:\InformationTechnology\MemoAIInternetGithub\MemoAI-1\TR
2025-07-28 13:54:46,393 - INFO - 总共找到 0 个txt文件，成功处理 0 个
2025-07-28 13:54:46,393 - INFO - 最终加载到的总句子数: 0
2025-07-28 13:54:46,393 - ERROR - 训练数据为空，无法继续训练
2025-07-28 13:55:55,732 - WARNING - 词汇表文件不存在，使用默认词汇表
2025-07-28 13:55:55,732 - INFO - 开始模型训练...
2025-07-28 13:55:55,732 - INFO - 使用设备: cpu
2025-07-28 13:55:55,733 - INFO - 尝试加载TR目录: F:\InformationTechnology\MemoAIInternetGithub\MemoAI-1\TR
2025-07-28 13:55:55,733 - INFO - 总共找到 0 个txt文件，成功处理 0 个
2025-07-28 13:55:55,733 - INFO - 最终加载到的总句子数: 0
2025-07-28 13:55:55,733 - ERROR - 训练数据为空，无法继续训练
