[2025-07-30 12:13:33] [WARNING] 词汇表文件不存在，使用默认词汇表
[2025-07-30 12:13:37] [ERROR] 模型文件不存在: model/dialog_model.pth
[2025-07-30 12:13:37] [WARNING] 警告：未加载任何模型，响应质量可能不佳
[2025-07-30 12:13:37] [INFO] 将使用新模型进行训练
[2025-07-30 12:13:38] [INFO] 检查记忆文件: F:\InformationTechnology\MemoAI\MemoAI_v2_UI原版\MemoAI_V2_UI\MemoAI_V2_UI\memory\memory.json
[2025-07-30 12:16:49] [INFO] 加载词汇表成功，大小: 37
[2025-07-30 12:16:50] [ERROR] 加载模型失败: invalid load key, '#'.
[2025-07-30 12:16:50] [WARNING] 警告：未加载任何模型，响应质量可能不佳
[2025-07-30 12:16:50] [INFO] 将使用新模型进行训练
[2025-07-30 12:16:51] [INFO] 检查记忆文件: F:\InformationTechnology\MemoAI\MemoAI_v2_UI原版\MemoAI_V2_UI\MemoAI_V2_UI\memory\memory.json
[2025-07-30 12:17:06] [ERROR] 保存记忆失败: [Errno 2] No such file or directory: 'F:\\InformationTechnology\\MemoAI\\MemoAI_v2_UI原版\\MemoAI_V2_UI\\MemoAI_V2_UI\\memory\\memory.json'
[2025-07-30 12:18:16] [INFO] 加载词汇表成功，大小: 37
[2025-07-30 12:18:17] [WARNING] 嵌入层词汇表大小变化: 100 -> 37
[2025-07-30 12:18:17] [WARNING] 参数形状不匹配: lstm.weight_ih_l0 torch.Size([512, 64]) vs torch.Size([1024, 128])
[2025-07-30 12:18:17] [WARNING] 参数形状不匹配: lstm.weight_hh_l0 torch.Size([512, 128]) vs torch.Size([1024, 256])
[2025-07-30 12:18:17] [WARNING] 参数形状不匹配: lstm.bias_ih_l0 torch.Size([512]) vs torch.Size([1024])
[2025-07-30 12:18:17] [WARNING] 参数形状不匹配: lstm.bias_hh_l0 torch.Size([512]) vs torch.Size([1024])
[2025-07-30 12:18:17] [WARNING] 参数形状不匹配: lstm.weight_ih_l1 torch.Size([512, 128]) vs torch.Size([1024, 256])
[2025-07-30 12:18:17] [WARNING] 参数形状不匹配: lstm.weight_hh_l1 torch.Size([512, 128]) vs torch.Size([1024, 256])
[2025-07-30 12:18:17] [WARNING] 参数形状不匹配: lstm.bias_ih_l1 torch.Size([512]) vs torch.Size([1024])
[2025-07-30 12:18:17] [WARNING] 参数形状不匹配: lstm.bias_hh_l1 torch.Size([512]) vs torch.Size([1024])
[2025-07-30 12:18:17] [WARNING] 全连接层词汇表大小变化: 100 -> 37
[2025-07-30 12:18:17] [WARNING] 全连接层词汇表大小变化: 100 -> 37
[2025-07-30 12:18:17] [ERROR] 加载模型失败: Error(s) in loading state_dict for LSTMDialogNet:
	size mismatch for embedding.weight: copying a param with shape torch.Size([37, 64]) from checkpoint, the shape in current model is torch.Size([37, 128]).
	size mismatch for fc.weight: copying a param with shape torch.Size([37, 128]) from checkpoint, the shape in current model is torch.Size([37, 256]).
[2025-07-30 12:18:17] [WARNING] 警告：未加载任何模型，响应质量可能不佳
[2025-07-30 12:18:17] [INFO] 将使用新模型进行训练
[2025-07-30 12:18:18] [INFO] 检查记忆文件: F:\InformationTechnology\MemoAI\MemoAI_v2_UI原版\MemoAI_V2_UI\MemoAI_V2_UI\memory\memory.json
[2025-07-30 12:19:08] [INFO] 加载词汇表成功，大小: 37
[2025-07-30 12:19:09] [INFO] 模型已从 model/dialog_model.pth 加载
[2025-07-30 12:19:09] [INFO] 检查记忆文件: F:\InformationTechnology\MemoAI\MemoAI_v2_UI原版\MemoAI_V2_UI\MemoAI_V2_UI\memory\memory.json
