[2025-07-15 15:17:33] [INFO] System checking
[2025-07-15 15:17:33] [INFO] Creating normal menu: memory
[2025-07-15 15:17:33] [INFO] Creating normal menu: model
[2025-07-15 15:17:33] [INFO] PyTorch版本: 2.7.1+cpu, 设备: cpu
[2025-07-15 15:17:33] [INFO] 系统自检完成
[2025-07-15 15:17:33] [WARNING] 词汇表文件不存在，使用默认词汇表
[2025-07-15 15:17:34] [ERROR] 模型文件不存在: model/dialog_model.pth
[2025-07-15 15:17:34] [WARNING] 警告：未加载任何模型，响应质量可能不佳
[2025-07-15 15:17:34] [INFO] 将使用新模型进行训练
[2025-07-15 15:17:34] [INFO] 检查记忆文件: memory\memory.json
[2025-07-15 15:22:11] [INFO] System checking
[2025-07-15 15:22:11] [INFO] PyTorch版本: 2.7.1+cpu, 设备: cpu
[2025-07-15 15:22:11] [INFO] 系统自检完成
[2025-07-15 15:22:11] [WARNING] 词汇表文件不存在，使用默认词汇表
[2025-07-15 15:22:11] [ERROR] 模型文件不存在: model/dialog_model.pth
[2025-07-15 15:22:11] [WARNING] 警告：未加载任何模型，响应质量可能不佳
[2025-07-15 15:22:11] [INFO] 将使用新模型进行训练
[2025-07-15 15:22:12] [INFO] 检查记忆文件: memory\memory.json
[2025-07-15 15:32:39] [INFO] System checking
[2025-07-15 15:32:39] [INFO] PyTorch版本: 2.7.1+cpu, 设备: cpu
[2025-07-15 15:32:39] [INFO] 系统自检完成
[2025-07-15 15:32:39] [WARNING] 词汇表文件不存在，使用默认词汇表
[2025-07-15 15:32:41] [ERROR] 模型文件不存在: model/dialog_model.pth
[2025-07-15 15:32:41] [WARNING] 警告：未加载任何模型，响应质量可能不佳
[2025-07-15 15:32:41] [INFO] 将使用新模型进行训练
[2025-07-15 15:32:41] [INFO] 检查记忆文件: memory\memory.json
[2025-07-15 15:32:49] [INFO] System checking
[2025-07-15 15:32:49] [INFO] PyTorch版本: 2.7.1+cpu, 设备: cpu
[2025-07-15 15:32:49] [INFO] 系统自检完成
[2025-07-15 15:32:49] [WARNING] 词汇表文件不存在，使用默认词汇表
[2025-07-15 15:32:50] [ERROR] 模型文件不存在: model/dialog_model.pth
[2025-07-15 15:32:50] [WARNING] 警告：未加载任何模型，响应质量可能不佳
[2025-07-15 15:32:50] [INFO] 将使用新模型进行训练
[2025-07-15 15:32:50] [INFO] 检查记忆文件: memory\memory.json
[2025-07-15 21:42:52] [INFO] System checking
[2025-07-15 21:42:52] [INFO] PyTorch版本: 2.7.1+cpu, 设备: cpu
[2025-07-15 21:42:52] [INFO] 系统自检完成
[2025-07-15 21:42:52] [WARNING] 词汇表文件不存在，使用默认词汇表
[2025-07-15 21:42:53] [ERROR] 模型文件不存在: model/dialog_model.pth
[2025-07-15 21:42:53] [WARNING] 警告：未加载任何模型，响应质量可能不佳
[2025-07-15 21:42:53] [INFO] 将使用新模型进行训练
[2025-07-15 21:42:53] [INFO] 检查记忆文件: memory\memory.json
[2025-07-15 21:45:05] [INFO] System checking
[2025-07-15 21:45:05] [INFO] PyTorch版本: 2.7.1+cpu, 设备: cpu
[2025-07-15 21:45:05] [INFO] 系统自检完成
[2025-07-15 21:45:05] [WARNING] 词汇表文件不存在，使用默认词汇表
[2025-07-15 21:45:06] [ERROR] 模型文件不存在: model/dialog_model.pth
[2025-07-15 21:45:06] [WARNING] 警告：未加载任何模型，响应质量可能不佳
[2025-07-15 21:45:06] [INFO] 将使用新模型进行训练
[2025-07-15 21:45:06] [INFO] 检查记忆文件: memory\memory.json
[2025-07-15 21:45:18] [INFO] 推理时词汇表大小已更新: 3 -> 12，重新创建模型
[2025-07-15 21:51:56] [INFO] System checking
[2025-07-15 21:51:56] [INFO] PyTorch版本: 2.7.1+cpu, 设备: cpu
[2025-07-15 21:51:56] [INFO] 系统自检完成
[2025-07-15 21:51:56] [INFO] 加载词汇表成功，大小: 12
[2025-07-15 21:51:57] [ERROR] 模型文件不存在: model/dialog_model.pth
[2025-07-15 21:51:57] [WARNING] 警告：未加载任何模型，响应质量可能不佳
[2025-07-15 21:51:57] [INFO] 将使用新模型进行训练
[2025-07-15 21:51:58] [INFO] 检查记忆文件: memory\memory.json
[2025-07-15 21:52:40] [INFO] System checking
[2025-07-15 21:52:40] [INFO] PyTorch版本: 2.7.1+cpu, 设备: cpu
[2025-07-15 21:52:40] [INFO] 系统自检完成
[2025-07-15 21:52:40] [INFO] 加载词汇表成功，大小: 12
[2025-07-15 21:52:41] [ERROR] 模型文件不存在: model/dialog_model.pth
[2025-07-15 21:52:41] [WARNING] 警告：未加载任何模型，响应质量可能不佳
[2025-07-15 21:52:41] [INFO] 将使用新模型进行训练
[2025-07-15 21:52:42] [INFO] 检查记忆文件: memory\memory.json
[2025-07-15 22:26:32] [INFO] System checking
[2025-07-15 22:26:32] [INFO] PyTorch版本: 2.7.1+cpu, 设备: cpu
[2025-07-15 22:26:32] [INFO] 系统自检完成
[2025-07-15 22:26:32] [INFO] 加载词汇表成功，大小: 12
[2025-07-15 22:26:33] [ERROR] 模型文件不存在: model/dialog_model.pth
[2025-07-15 22:26:33] [WARNING] 警告：未加载任何模型，响应质量可能不佳
[2025-07-15 22:26:33] [INFO] 将使用新模型进行训练
[2025-07-15 22:26:33] [INFO] 检查记忆文件: memory\memory.json
[2025-07-15 22:29:16] [INFO] System checking
[2025-07-15 22:29:16] [INFO] PyTorch版本: 2.7.1+cpu, 设备: cpu
[2025-07-15 22:29:16] [INFO] 系统自检完成
[2025-07-15 22:29:16] [INFO] 加载词汇表成功，大小: 12
[2025-07-15 22:29:17] [ERROR] 模型文件不存在: model/dialog_model.pth
[2025-07-15 22:29:17] [WARNING] 警告：未加载任何模型，响应质量可能不佳
[2025-07-15 22:29:17] [INFO] 将使用新模型进行训练
[2025-07-15 22:29:18] [INFO] 检查记忆文件: memory\memory.json
[2025-07-15 22:29:56] [INFO] System checking
[2025-07-15 22:29:56] [INFO] PyTorch版本: 2.7.1+cpu, 设备: cpu
[2025-07-15 22:29:56] [INFO] 系统自检完成
[2025-07-15 22:29:56] [INFO] 加载词汇表成功，大小: 12
[2025-07-15 22:29:57] [ERROR] 模型文件不存在: model/dialog_model.pth
[2025-07-15 22:29:57] [WARNING] 警告：未加载任何模型，响应质量可能不佳
[2025-07-15 22:29:57] [INFO] 将使用新模型进行训练
[2025-07-15 22:29:57] [INFO] 检查记忆文件: memory\memory.json
[2025-07-15 22:30:36] [INFO] System checking
[2025-07-15 22:30:36] [INFO] PyTorch版本: 2.7.1+cpu, 设备: cpu
[2025-07-15 22:30:36] [INFO] 系统自检完成
[2025-07-15 22:30:36] [INFO] 加载词汇表成功，大小: 12
[2025-07-15 22:30:37] [WARNING] 嵌入层词汇表大小变化: 79 -> 12
[2025-07-15 22:30:37] [ERROR] 加载模型失败: The expanded size of the tensor (12) must match the existing size (79) at non-singleton dimension 0.  Target sizes: [12, 64].  Tensor sizes: [79, 64]
[2025-07-15 22:30:37] [WARNING] 警告：未加载任何模型，响应质量可能不佳
[2025-07-15 22:30:37] [INFO] 将使用新模型进行训练
[2025-07-15 22:30:38] [INFO] 检查记忆文件: memory\memory.json
[2025-07-15 22:47:02] [INFO] System checking
[2025-07-15 22:47:02] [INFO] PyTorch版本: 2.7.1+cpu, 设备: cpu
[2025-07-15 22:47:02] [INFO] 系统自检完成
[2025-07-15 22:47:02] [INFO] 加载词汇表成功，大小: 12
[2025-07-15 22:47:03] [WARNING] 嵌入层词汇表大小变化: 79 -> 12
[2025-07-15 22:47:03] [ERROR] 加载模型失败: The expanded size of the tensor (12) must match the existing size (79) at non-singleton dimension 0.  Target sizes: [12, 64].  Tensor sizes: [79, 64]
[2025-07-15 22:47:03] [WARNING] 警告：未加载任何模型，响应质量可能不佳
[2025-07-15 22:47:03] [INFO] 将使用新模型进行训练
[2025-07-15 22:47:04] [INFO] 检查记忆文件: memory\memory.json
[2025-07-15 22:48:49] [INFO] System checking
[2025-07-15 22:48:49] [INFO] PyTorch版本: 2.7.1+cpu, 设备: cpu
[2025-07-15 22:48:49] [INFO] 系统自检完成
[2025-07-15 22:48:49] [INFO] 加载词汇表成功，大小: 12
[2025-07-15 22:48:50] [WARNING] 嵌入层词汇表大小变化: 79 -> 12
[2025-07-15 22:48:50] [ERROR] 加载模型失败: The expanded size of the tensor (12) must match the existing size (79) at non-singleton dimension 0.  Target sizes: [12, 64].  Tensor sizes: [79, 64]
[2025-07-15 22:48:50] [WARNING] 警告：未加载任何模型，响应质量可能不佳
[2025-07-15 22:48:50] [INFO] 将使用新模型进行训练
[2025-07-15 22:48:50] [INFO] 检查记忆文件: memory\memory.json
[2025-07-15 22:57:12] [INFO] System checking
[2025-07-15 22:57:12] [INFO] PyTorch版本: 2.7.1+cpu, 设备: cpu
[2025-07-15 22:57:12] [INFO] 系统自检完成
[2025-07-15 22:57:12] [INFO] 加载词汇表成功，大小: 12
[2025-07-15 22:57:13] [WARNING] 嵌入层词汇表大小变化: 79 -> 12
[2025-07-15 22:57:13] [ERROR] 加载模型失败: The expanded size of the tensor (12) must match the existing size (79) at non-singleton dimension 0.  Target sizes: [12, 64].  Tensor sizes: [79, 64]
[2025-07-15 22:57:13] [WARNING] 警告：未加载任何模型，响应质量可能不佳
[2025-07-15 22:57:13] [INFO] 将使用新模型进行训练
[2025-07-15 22:57:14] [INFO] 检查记忆文件: memory\memory.json
[2025-07-15 23:07:43] [INFO] System checking
[2025-07-15 23:07:43] [INFO] PyTorch版本: 2.7.1+cpu, 设备: cpu
[2025-07-15 23:07:43] [INFO] 系统自检完成
[2025-07-15 23:07:43] [INFO] 加载词汇表成功，大小: 12
[2025-07-15 23:07:43] [WARNING] 嵌入层词汇表大小变化: 79 -> 12
[2025-07-15 23:07:43] [ERROR] 加载模型失败: The expanded size of the tensor (12) must match the existing size (79) at non-singleton dimension 0.  Target sizes: [12, 64].  Tensor sizes: [79, 64]
[2025-07-15 23:07:43] [WARNING] 警告：未加载任何模型，响应质量可能不佳
[2025-07-15 23:07:43] [INFO] 将使用新模型进行训练
[2025-07-15 23:07:44] [INFO] 检查记忆文件: memory\memory.json
[2025-07-16 12:18:12] [INFO] System checking
[2025-07-16 12:18:12] [INFO] PyTorch版本: 2.7.1+cpu, 设备: cpu
[2025-07-16 12:18:12] [INFO] 系统自检完成
[2025-07-16 12:18:13] [INFO] 加载词汇表成功，大小: 12
[2025-07-16 12:18:15] [WARNING] 嵌入层词汇表大小变化: 79 -> 12
[2025-07-16 12:18:15] [ERROR] 加载模型失败: The expanded size of the tensor (12) must match the existing size (79) at non-singleton dimension 0.  Target sizes: [12, 64].  Tensor sizes: [79, 64]
[2025-07-16 12:18:15] [WARNING] 警告：未加载任何模型，响应质量可能不佳
[2025-07-16 12:18:15] [INFO] 将使用新模型进行训练
[2025-07-16 12:18:15] [INFO] 检查记忆文件: memory\memory.json
[2025-07-16 12:22:30] [INFO] System checking
[2025-07-16 12:22:30] [INFO] PyTorch版本: 2.7.1+cpu, 设备: cpu
[2025-07-16 12:22:30] [INFO] 系统自检完成
[2025-07-16 12:22:30] [INFO] 加载词汇表成功，大小: 101
[2025-07-16 12:22:31] [WARNING] 嵌入层词汇表大小变化: 79 -> 101
[2025-07-16 12:22:31] [WARNING] 全连接层词汇表大小变化: 79 -> 101
[2025-07-16 12:22:31] [WARNING] 全连接层词汇表大小变化: 79 -> 101
[2025-07-16 12:22:31] [INFO] 模型已从 model/dialog_model.pth 加载
[2025-07-16 12:22:31] [INFO] 检查记忆文件: memory\memory.json
[2025-07-16 12:26:44] [INFO] System checking
[2025-07-16 12:26:44] [INFO] PyTorch版本: 2.7.1+cpu, 设备: cpu
[2025-07-16 12:26:44] [INFO] 系统自检完成
[2025-07-16 12:26:44] [INFO] 加载词汇表成功，大小: 101
[2025-07-16 12:26:45] [WARNING] 嵌入层词汇表大小变化: 79 -> 101
[2025-07-16 12:26:45] [WARNING] 全连接层词汇表大小变化: 79 -> 101
[2025-07-16 12:26:45] [WARNING] 全连接层词汇表大小变化: 79 -> 101
[2025-07-16 12:26:45] [INFO] 模型已从 model/dialog_model.pth 加载
[2025-07-16 12:26:46] [INFO] 检查记忆文件: memory\memory.json
[2025-07-16 12:28:37] [INFO] System checking
[2025-07-16 12:28:37] [INFO] PyTorch版本: 2.7.1+cpu, 设备: cpu
[2025-07-16 12:28:37] [INFO] 系统自检完成
[2025-07-16 12:28:37] [INFO] 加载词汇表成功，大小: 101
[2025-07-16 12:28:38] [WARNING] 嵌入层词汇表大小变化: 79 -> 101
[2025-07-16 12:28:38] [WARNING] 全连接层词汇表大小变化: 79 -> 101
[2025-07-16 12:28:38] [WARNING] 全连接层词汇表大小变化: 79 -> 101
[2025-07-16 12:28:38] [INFO] 模型已从 model/dialog_model.pth 加载
[2025-07-16 12:28:39] [INFO] 检查记忆文件: memory\memory.json
[2025-07-16 12:28:50] [INFO] System checking
[2025-07-16 12:28:50] [INFO] PyTorch版本: 2.7.1+cpu, 设备: cpu
[2025-07-16 12:28:50] [INFO] 系统自检完成
[2025-07-16 12:28:50] [INFO] 加载词汇表成功，大小: 101
[2025-07-16 12:28:51] [WARNING] 嵌入层词汇表大小变化: 79 -> 101
[2025-07-16 12:28:51] [WARNING] 全连接层词汇表大小变化: 79 -> 101
[2025-07-16 12:28:51] [WARNING] 全连接层词汇表大小变化: 79 -> 101
[2025-07-16 12:28:51] [INFO] 模型已从 model/dialog_model.pth 加载
[2025-07-16 12:28:51] [INFO] 检查记忆文件: memory\memory.json
[2025-07-16 23:16:22] [INFO] System checking
[2025-07-16 23:16:22] [INFO] PyTorch版本: 2.7.1+cpu, 设备: cpu
[2025-07-16 23:16:22] [INFO] 系统自检完成
[2025-07-16 23:16:23] [INFO] 加载词汇表成功，大小: 101
[2025-07-16 23:16:24] [WARNING] 嵌入层词汇表大小变化: 79 -> 101
[2025-07-16 23:16:24] [WARNING] 全连接层词汇表大小变化: 79 -> 101
[2025-07-16 23:16:24] [WARNING] 全连接层词汇表大小变化: 79 -> 101
[2025-07-16 23:16:24] [INFO] 模型已从 model/dialog_model.pth 加载
[2025-07-16 23:16:25] [INFO] 检查记忆文件: memory\memory.json
[2025-07-16 23:26:20] [INFO] 系统自检
[2025-07-16 23:26:20] [INFO] PyTorch版本: 2.7.1+cpu, 设备: cpu
[2025-07-16 23:26:20] [INFO] 系统自检完成
[2025-07-16 23:26:20] [INFO] 加载词汇表成功，大小: 101
[2025-07-16 23:26:21] [WARNING] 嵌入层词汇表大小变化: 79 -> 101
[2025-07-16 23:26:21] [WARNING] 全连接层词汇表大小变化: 79 -> 101
[2025-07-16 23:26:21] [WARNING] 全连接层词汇表大小变化: 79 -> 101
[2025-07-16 23:26:21] [INFO] 模型已从 model/dialog_model.pth 加载
[2025-07-16 23:26:22] [INFO] 检查记忆文件: memory\memory.json
[2025-07-16 23:30:55] [INFO] 系统自检
[2025-07-16 23:30:55] [INFO] PyTorch版本: 2.7.1+cpu, 设备: cpu
[2025-07-16 23:30:55] [INFO] 系统自检完成
[2025-07-16 23:30:55] [INFO] 加载词汇表成功，大小: 101
[2025-07-16 23:30:55] [WARNING] 嵌入层词汇表大小变化: 79 -> 101
[2025-07-16 23:30:55] [WARNING] 全连接层词汇表大小变化: 79 -> 101
[2025-07-16 23:30:55] [WARNING] 全连接层词汇表大小变化: 79 -> 101
[2025-07-16 23:30:55] [INFO] 模型已从 model/dialog_model.pth 加载
[2025-07-16 23:30:56] [INFO] 检查记忆文件: memory\memory.json
[2025-07-17 11:02:02] [INFO] 系统自检
[2025-07-17 11:02:02] [INFO] PyTorch版本: 2.7.1+cpu, 设备: cpu
[2025-07-17 11:02:02] [INFO] 系统自检完成
[2025-07-17 11:02:02] [INFO] 加载词汇表成功，大小: 101
[2025-07-17 11:02:04] [WARNING] 嵌入层词汇表大小变化: 79 -> 101
[2025-07-17 11:02:04] [WARNING] 全连接层词汇表大小变化: 79 -> 101
[2025-07-17 11:02:04] [WARNING] 全连接层词汇表大小变化: 79 -> 101
[2025-07-17 11:02:04] [INFO] 模型已从 model/dialog_model.pth 加载
[2025-07-17 11:02:05] [INFO] 检查记忆文件: memory\memory.json
[2025-07-17 11:06:49] [INFO] 系统自检
[2025-07-17 11:06:49] [INFO] PyTorch版本: 2.7.1+cpu, 设备: cpu
[2025-07-17 11:06:49] [INFO] 系统自检完成
[2025-07-17 11:06:49] [INFO] 加载词汇表成功，大小: 101
[2025-07-17 11:06:50] [WARNING] 嵌入层词汇表大小变化: 79 -> 101
[2025-07-17 11:06:50] [WARNING] 全连接层词汇表大小变化: 79 -> 101
[2025-07-17 11:06:50] [WARNING] 全连接层词汇表大小变化: 79 -> 101
[2025-07-17 11:06:50] [INFO] 模型已从 model/dialog_model.pth 加载
[2025-07-17 11:06:51] [INFO] 检查记忆文件: memory\memory.json
[2025-07-17 11:25:13] [INFO] 系统自检
[2025-07-17 11:25:13] [INFO] PyTorch版本: 2.7.1+cpu, 设备: cpu
[2025-07-17 11:25:13] [INFO] 系统自检完成
[2025-07-17 11:25:13] [INFO] 加载词汇表成功，大小: 101
[2025-07-17 11:25:14] [WARNING] 嵌入层词汇表大小变化: 79 -> 101
[2025-07-17 11:25:14] [WARNING] 全连接层词汇表大小变化: 79 -> 101
[2025-07-17 11:25:14] [WARNING] 全连接层词汇表大小变化: 79 -> 101
[2025-07-17 11:25:14] [INFO] 模型已从 model/dialog_model.pth 加载
[2025-07-17 11:25:15] [INFO] 检查记忆文件: memory\memory.json
[2025-07-17 11:28:04] [INFO] 系统自检
[2025-07-17 11:28:04] [INFO] PyTorch版本: 2.7.1+cpu, 设备: cpu
[2025-07-17 11:28:04] [INFO] 系统自检完成
[2025-07-17 11:28:04] [INFO] 加载词汇表成功，大小: 101
[2025-07-17 11:28:05] [WARNING] 嵌入层词汇表大小变化: 79 -> 101
[2025-07-17 11:28:05] [WARNING] 全连接层词汇表大小变化: 79 -> 101
[2025-07-17 11:28:05] [WARNING] 全连接层词汇表大小变化: 79 -> 101
[2025-07-17 11:28:05] [INFO] 模型已从 model/dialog_model.pth 加载
[2025-07-17 11:28:06] [INFO] 检查记忆文件: memory\memory.json
[2025-07-17 11:29:31] [INFO] 系统自检
[2025-07-17 11:29:31] [INFO] PyTorch版本: 2.7.1+cpu, 设备: cpu
[2025-07-17 11:29:31] [INFO] 系统自检完成
[2025-07-17 11:29:31] [INFO] 加载词汇表成功，大小: 101
[2025-07-17 11:29:32] [WARNING] 嵌入层词汇表大小变化: 79 -> 101
[2025-07-17 11:29:32] [WARNING] 全连接层词汇表大小变化: 79 -> 101
[2025-07-17 11:29:32] [WARNING] 全连接层词汇表大小变化: 79 -> 101
[2025-07-17 11:29:32] [INFO] 模型已从 model/dialog_model.pth 加载
[2025-07-17 11:29:33] [INFO] 检查记忆文件: memory\memory.json
[2025-07-17 11:29:48] [INFO] 应用程序已退出
[2025-07-17 11:30:06] [INFO] 系统自检
[2025-07-17 11:30:06] [INFO] PyTorch版本: 2.7.1+cpu, 设备: cpu
[2025-07-17 11:30:06] [INFO] 系统自检完成
[2025-07-17 11:30:06] [INFO] 加载词汇表成功，大小: 101
[2025-07-17 11:30:07] [WARNING] 嵌入层词汇表大小变化: 79 -> 101
[2025-07-17 11:30:07] [WARNING] 全连接层词汇表大小变化: 79 -> 101
[2025-07-17 11:30:07] [WARNING] 全连接层词汇表大小变化: 79 -> 101
[2025-07-17 11:30:07] [INFO] 模型已从 model/dialog_model.pth 加载
[2025-07-17 11:30:08] [INFO] 检查记忆文件: memory\memory.json
[2025-07-17 11:32:19] [INFO] 系统自检
[2025-07-17 11:32:19] [INFO] PyTorch版本: 2.7.1+cpu, 设备: cpu
[2025-07-17 11:32:19] [INFO] 系统自检完成
[2025-07-17 11:32:19] [INFO] 加载词汇表成功，大小: 101
[2025-07-17 11:32:19] [WARNING] 嵌入层词汇表大小变化: 79 -> 101
[2025-07-17 11:32:19] [WARNING] 全连接层词汇表大小变化: 79 -> 101
[2025-07-17 11:32:19] [WARNING] 全连接层词汇表大小变化: 79 -> 101
[2025-07-17 11:32:20] [INFO] 模型已从 model/dialog_model.pth 加载
[2025-07-17 11:32:20] [INFO] 检查记忆文件: memory\memory.json
[2025-07-17 11:36:10] [INFO] 系统自检
[2025-07-17 11:36:10] [INFO] PyTorch版本: 2.7.1+cpu, 设备: cpu
[2025-07-17 11:36:10] [INFO] 系统自检完成
[2025-07-17 11:36:10] [INFO] 加载词汇表成功，大小: 101
[2025-07-17 11:36:11] [WARNING] 嵌入层词汇表大小变化: 79 -> 101
[2025-07-17 11:36:11] [WARNING] 全连接层词汇表大小变化: 79 -> 101
[2025-07-17 11:36:11] [WARNING] 全连接层词汇表大小变化: 79 -> 101
[2025-07-17 11:36:11] [INFO] 模型已从 model/dialog_model.pth 加载
[2025-07-17 11:36:11] [INFO] 检查记忆文件: memory\memory.json
[2025-07-17 11:36:24] [INFO] 应用程序已退出
[2025-07-17 11:36:27] [INFO] 系统自检
[2025-07-17 11:36:27] [INFO] PyTorch版本: 2.7.1+cpu, 设备: cpu
[2025-07-17 11:36:27] [INFO] 系统自检完成
[2025-07-17 11:36:27] [INFO] 加载词汇表成功，大小: 101
[2025-07-17 11:36:28] [WARNING] 嵌入层词汇表大小变化: 79 -> 101
[2025-07-17 11:36:28] [WARNING] 全连接层词汇表大小变化: 79 -> 101
[2025-07-17 11:36:28] [WARNING] 全连接层词汇表大小变化: 79 -> 101
[2025-07-17 11:36:28] [INFO] 模型已从 model/dialog_model.pth 加载
[2025-07-17 11:36:28] [INFO] 检查记忆文件: memory\memory.json
[2025-07-17 11:36:52] [INFO] 系统自检
[2025-07-17 11:36:52] [INFO] PyTorch版本: 2.7.1+cpu, 设备: cpu
[2025-07-17 11:36:52] [INFO] 系统自检完成
[2025-07-17 11:36:52] [INFO] 加载词汇表成功，大小: 101
[2025-07-17 11:36:53] [WARNING] 嵌入层词汇表大小变化: 79 -> 101
[2025-07-17 11:36:53] [WARNING] 全连接层词汇表大小变化: 79 -> 101
[2025-07-17 11:36:53] [WARNING] 全连接层词汇表大小变化: 79 -> 101
[2025-07-17 11:36:53] [INFO] 模型已从 model/dialog_model.pth 加载
[2025-07-17 11:36:53] [INFO] 检查记忆文件: memory\memory.json
[2025-07-17 11:37:08] [INFO] 系统自检
[2025-07-17 11:37:08] [INFO] PyTorch版本: 2.7.1+cpu, 设备: cpu
[2025-07-17 11:37:08] [INFO] 系统自检完成
[2025-07-17 11:37:08] [INFO] 加载词汇表成功，大小: 101
[2025-07-17 11:37:09] [WARNING] 嵌入层词汇表大小变化: 79 -> 101
[2025-07-17 11:37:09] [WARNING] 全连接层词汇表大小变化: 79 -> 101
[2025-07-17 11:37:09] [WARNING] 全连接层词汇表大小变化: 79 -> 101
[2025-07-17 11:37:09] [INFO] 模型已从 model/dialog_model.pth 加载
[2025-07-17 11:37:10] [INFO] 检查记忆文件: memory\memory.json
[2025-07-17 11:42:28] [INFO] 系统自检
[2025-07-17 11:42:28] [INFO] PyTorch版本: 2.7.1+cpu, 设备: cpu
[2025-07-17 11:42:28] [INFO] 系统自检完成
[2025-07-17 11:42:28] [INFO] 加载词汇表成功，大小: 101
[2025-07-17 11:42:29] [WARNING] 嵌入层词汇表大小变化: 79 -> 101
[2025-07-17 11:42:29] [WARNING] 全连接层词汇表大小变化: 79 -> 101
[2025-07-17 11:42:29] [WARNING] 全连接层词汇表大小变化: 79 -> 101
[2025-07-17 11:42:29] [INFO] 模型已从 model/dialog_model.pth 加载
[2025-07-17 11:42:29] [INFO] 检查记忆文件: memory\memory.json
[2025-07-17 11:49:10] [INFO] 系统自检
[2025-07-17 11:49:10] [INFO] PyTorch版本: 2.7.1+cpu, 设备: cpu
[2025-07-17 11:49:10] [INFO] 系统自检完成
[2025-07-17 11:49:10] [INFO] 加载词汇表成功，大小: 101
[2025-07-17 11:49:11] [WARNING] 嵌入层词汇表大小变化: 79 -> 101
[2025-07-17 11:49:11] [WARNING] 全连接层词汇表大小变化: 79 -> 101
[2025-07-17 11:49:11] [WARNING] 全连接层词汇表大小变化: 79 -> 101
[2025-07-17 11:49:11] [INFO] 模型已从 model/dialog_model.pth 加载
[2025-07-17 11:49:12] [INFO] 检查记忆文件: memory\memory.json
[2025-07-17 11:49:20] [INFO] 应用程序已退出
[2025-07-17 11:52:32] [INFO] 系统自检
[2025-07-17 11:52:32] [INFO] PyTorch版本: 2.7.1+cpu, 设备: cpu
[2025-07-17 11:52:32] [INFO] 系统自检完成
[2025-07-17 11:52:32] [INFO] 加载词汇表成功，大小: 101
[2025-07-17 11:52:33] [WARNING] 嵌入层词汇表大小变化: 79 -> 101
[2025-07-17 11:52:33] [WARNING] 全连接层词汇表大小变化: 79 -> 101
[2025-07-17 11:52:33] [WARNING] 全连接层词汇表大小变化: 79 -> 101
[2025-07-17 11:52:33] [INFO] 模型已从 model/dialog_model.pth 加载
[2025-07-17 11:52:33] [INFO] 检查记忆文件: memory\memory.json
[2025-07-17 12:00:41] [INFO] 系统自检
[2025-07-17 12:00:41] [INFO] PyTorch版本: 2.7.1+cpu, 设备: cpu
[2025-07-17 12:00:41] [INFO] 系统自检完成
[2025-07-17 12:00:41] [INFO] 加载词汇表成功，大小: 101
[2025-07-17 12:00:42] [WARNING] 嵌入层词汇表大小变化: 79 -> 101
[2025-07-17 12:00:42] [WARNING] 全连接层词汇表大小变化: 79 -> 101
[2025-07-17 12:00:42] [WARNING] 全连接层词汇表大小变化: 79 -> 101
[2025-07-17 12:00:42] [INFO] 模型已从 model/dialog_model.pth 加载
[2025-07-17 12:00:42] [INFO] 检查记忆文件: memory\memory.json
[2025-07-17 12:00:59] [INFO] 应用程序已退出
[2025-07-17 12:14:02] [INFO] 系统自检
[2025-07-17 12:14:02] [INFO] PyTorch版本: 2.7.1+cpu, 设备: cpu
[2025-07-17 12:14:02] [INFO] 系统自检完成
[2025-07-17 12:14:02] [INFO] 加载词汇表成功，大小: 101
[2025-07-17 12:14:03] [WARNING] 嵌入层词汇表大小变化: 79 -> 101
[2025-07-17 12:14:03] [WARNING] 全连接层词汇表大小变化: 79 -> 101
[2025-07-17 12:14:03] [WARNING] 全连接层词汇表大小变化: 79 -> 101
[2025-07-17 12:14:03] [INFO] 模型已从 model/dialog_model.pth 加载
[2025-07-17 12:14:03] [INFO] 检查记忆文件: memory\memory.json
[2025-07-18 15:49:35] [INFO] 系统自检
[2025-07-18 15:49:35] [INFO] PyTorch版本: 2.7.1+cpu, 设备: cpu
[2025-07-18 15:49:35] [INFO] 系统自检完成
[2025-07-18 15:49:35] [INFO] 加载词汇表成功，大小: 101
[2025-07-18 15:49:37] [WARNING] 嵌入层词汇表大小变化: 79 -> 101
[2025-07-18 15:49:37] [WARNING] 全连接层词汇表大小变化: 79 -> 101
[2025-07-18 15:49:37] [WARNING] 全连接层词汇表大小变化: 79 -> 101
[2025-07-18 15:49:37] [INFO] 模型已从 model/dialog_model.pth 加载
[2025-07-18 15:49:38] [INFO] 检查记忆文件: memory\memory.json
[2025-07-18 22:22:20] [INFO] 系统自检
[2025-07-18 22:22:20] [INFO] PyTorch版本: 2.7.1+cpu, 设备: cpu
[2025-07-18 22:22:20] [INFO] 系统自检完成
[2025-07-18 22:22:20] [INFO] 加载词汇表成功，大小: 101
[2025-07-18 22:22:22] [WARNING] 嵌入层词汇表大小变化: 79 -> 101
[2025-07-18 22:22:22] [WARNING] 全连接层词汇表大小变化: 79 -> 101
[2025-07-18 22:22:22] [WARNING] 全连接层词汇表大小变化: 79 -> 101
[2025-07-18 22:22:22] [INFO] 模型已从 model/dialog_model.pth 加载
[2025-07-18 22:22:22] [INFO] 检查记忆文件: memory\memory.json
[2025-07-19 13:21:49] [INFO] 系统自检
[2025-07-19 13:21:49] [INFO] PyTorch版本: 2.7.1+cpu, 设备: cpu
[2025-07-19 13:21:49] [INFO] 系统自检完成
[2025-07-19 13:21:49] [INFO] 加载词汇表成功，大小: 101
[2025-07-19 13:21:50] [WARNING] 嵌入层词汇表大小变化: 79 -> 101
[2025-07-19 13:21:50] [WARNING] 全连接层词汇表大小变化: 79 -> 101
[2025-07-19 13:21:50] [WARNING] 全连接层词汇表大小变化: 79 -> 101
[2025-07-19 13:21:50] [INFO] 模型已从 model/dialog_model.pth 加载
[2025-07-19 13:21:51] [INFO] 检查记忆文件: memory\memory.json
[2025-07-19 13:22:19] [INFO] 系统自检
[2025-07-19 13:22:19] [INFO] PyTorch版本: 2.7.1+cpu, 设备: cpu
[2025-07-19 13:22:19] [INFO] 系统自检完成
[2025-07-19 13:22:19] [INFO] 加载词汇表成功，大小: 101
[2025-07-19 13:22:20] [WARNING] 嵌入层词汇表大小变化: 79 -> 101
[2025-07-19 13:22:20] [WARNING] 全连接层词汇表大小变化: 79 -> 101
[2025-07-19 13:22:20] [WARNING] 全连接层词汇表大小变化: 79 -> 101
[2025-07-19 13:22:20] [INFO] 模型已从 model/dialog_model.pth 加载
[2025-07-19 13:22:20] [INFO] 检查记忆文件: memory\memory.json
[2025-07-19 13:27:46] [INFO] 系统自检
[2025-07-19 13:27:46] [INFO] PyTorch版本: 2.7.1+cpu, 设备: cpu
[2025-07-19 13:27:46] [INFO] 系统自检完成
[2025-07-19 13:27:46] [INFO] 加载词汇表成功，大小: 101
[2025-07-19 13:27:47] [WARNING] 嵌入层词汇表大小变化: 79 -> 101
[2025-07-19 13:27:47] [WARNING] 全连接层词汇表大小变化: 79 -> 101
[2025-07-19 13:27:47] [WARNING] 全连接层词汇表大小变化: 79 -> 101
[2025-07-19 13:27:47] [INFO] 模型已从 model/dialog_model.pth 加载
[2025-07-19 13:27:47] [INFO] 检查记忆文件: memory\memory.json
[2025-07-19 13:32:02] [INFO] 系统自检
[2025-07-19 13:32:02] [INFO] PyTorch版本: 2.7.1+cpu, 设备: cpu
[2025-07-19 13:32:02] [INFO] 系统自检完成
[2025-07-19 13:32:02] [INFO] 加载词汇表成功，大小: 101
[2025-07-19 13:32:03] [WARNING] 嵌入层词汇表大小变化: 79 -> 101
[2025-07-19 13:32:03] [WARNING] 全连接层词汇表大小变化: 79 -> 101
[2025-07-19 13:32:03] [WARNING] 全连接层词汇表大小变化: 79 -> 101
[2025-07-19 13:32:03] [INFO] 模型已从 model/dialog_model.pth 加载
[2025-07-19 13:32:03] [INFO] 检查记忆文件: memory\memory.json
[2025-07-19 13:33:33] [INFO] 系统自检
[2025-07-19 13:33:33] [INFO] PyTorch版本: 2.7.1+cpu, 设备: cpu
[2025-07-19 13:33:33] [INFO] 系统自检完成
[2025-07-19 13:33:33] [INFO] 加载词汇表成功，大小: 101
[2025-07-19 13:33:34] [WARNING] 嵌入层词汇表大小变化: 79 -> 101
[2025-07-19 13:33:34] [WARNING] 全连接层词汇表大小变化: 79 -> 101
[2025-07-19 13:33:34] [WARNING] 全连接层词汇表大小变化: 79 -> 101
[2025-07-19 13:33:34] [INFO] 模型已从 model/dialog_model.pth 加载
[2025-07-19 13:33:34] [INFO] 检查记忆文件: memory\memory.json
[2025-07-19 13:34:10] [INFO] 系统自检
[2025-07-19 13:34:10] [INFO] PyTorch版本: 2.7.1+cpu, 设备: cpu
[2025-07-19 13:34:10] [INFO] 系统自检完成
[2025-07-19 13:34:10] [INFO] 加载词汇表成功，大小: 101
[2025-07-19 13:34:11] [WARNING] 嵌入层词汇表大小变化: 79 -> 101
[2025-07-19 13:34:11] [WARNING] 全连接层词汇表大小变化: 79 -> 101
[2025-07-19 13:34:11] [WARNING] 全连接层词汇表大小变化: 79 -> 101
[2025-07-19 13:34:11] [INFO] 模型已从 model/dialog_model.pth 加载
[2025-07-19 13:34:12] [INFO] 检查记忆文件: memory\memory.json
[2025-07-19 13:34:27] [INFO] 系统自检
[2025-07-19 13:34:27] [INFO] PyTorch版本: 2.7.1+cpu, 设备: cpu
[2025-07-19 13:34:27] [INFO] 系统自检完成
[2025-07-19 13:34:27] [INFO] 加载词汇表成功，大小: 101
[2025-07-19 13:34:28] [WARNING] 嵌入层词汇表大小变化: 79 -> 101
[2025-07-19 13:34:28] [WARNING] 全连接层词汇表大小变化: 79 -> 101
[2025-07-19 13:34:28] [WARNING] 全连接层词汇表大小变化: 79 -> 101
[2025-07-19 13:34:28] [INFO] 模型已从 model/dialog_model.pth 加载
[2025-07-19 13:34:28] [INFO] 检查记忆文件: memory\memory.json
[2025-07-19 13:36:58] [INFO] 系统自检
[2025-07-19 13:36:58] [INFO] PyTorch版本: 2.7.1+cpu, 设备: cpu
[2025-07-19 13:36:58] [INFO] 系统自检完成
[2025-07-19 13:36:58] [INFO] 加载词汇表成功，大小: 101
[2025-07-19 13:36:59] [WARNING] 嵌入层词汇表大小变化: 79 -> 101
[2025-07-19 13:36:59] [WARNING] 全连接层词汇表大小变化: 79 -> 101
[2025-07-19 13:36:59] [WARNING] 全连接层词汇表大小变化: 79 -> 101
[2025-07-19 13:36:59] [INFO] 模型已从 model/dialog_model.pth 加载
[2025-07-19 13:36:59] [INFO] 检查记忆文件: memory\memory.json
[2025-07-19 13:38:39] [INFO] 系统自检
[2025-07-19 13:38:39] [INFO] PyTorch版本: 2.7.1+cpu, 设备: cpu
[2025-07-19 13:38:39] [INFO] 系统自检完成
[2025-07-19 13:38:39] [INFO] 加载词汇表成功，大小: 101
[2025-07-19 13:38:40] [WARNING] 嵌入层词汇表大小变化: 79 -> 101
[2025-07-19 13:38:40] [WARNING] 全连接层词汇表大小变化: 79 -> 101
[2025-07-19 13:38:40] [WARNING] 全连接层词汇表大小变化: 79 -> 101
[2025-07-19 13:38:40] [INFO] 模型已从 model/dialog_model.pth 加载
[2025-07-19 13:38:40] [INFO] 检查记忆文件: memory\memory.json
[2025-07-19 13:40:01] [INFO] 系统自检
[2025-07-19 13:40:01] [INFO] PyTorch版本: 2.7.1+cpu, 设备: cpu
[2025-07-19 13:40:01] [INFO] 系统自检完成
[2025-07-19 13:40:01] [INFO] 加载词汇表成功，大小: 101
[2025-07-19 13:40:02] [WARNING] 嵌入层词汇表大小变化: 79 -> 101
[2025-07-19 13:40:02] [WARNING] 全连接层词汇表大小变化: 79 -> 101
[2025-07-19 13:40:02] [WARNING] 全连接层词汇表大小变化: 79 -> 101
[2025-07-19 13:40:02] [INFO] 模型已从 model/dialog_model.pth 加载
[2025-07-19 13:40:02] [INFO] 检查记忆文件: memory\memory.json
[2025-07-19 13:40:14] [INFO] 系统自检
[2025-07-19 13:40:14] [INFO] PyTorch版本: 2.7.1+cpu, 设备: cpu
[2025-07-19 13:40:14] [INFO] 系统自检完成
[2025-07-19 13:40:14] [INFO] 加载词汇表成功，大小: 101
[2025-07-19 13:40:14] [WARNING] 嵌入层词汇表大小变化: 79 -> 101
[2025-07-19 13:40:14] [WARNING] 全连接层词汇表大小变化: 79 -> 101
[2025-07-19 13:40:14] [WARNING] 全连接层词汇表大小变化: 79 -> 101
[2025-07-19 13:40:14] [INFO] 模型已从 model/dialog_model.pth 加载
[2025-07-19 13:40:15] [INFO] 检查记忆文件: memory\memory.json
[2025-07-19 13:40:19] [INFO] 系统自检
[2025-07-19 13:40:19] [INFO] PyTorch版本: 2.7.1+cpu, 设备: cpu
[2025-07-19 13:40:19] [INFO] 系统自检完成
[2025-07-19 13:40:19] [INFO] 加载词汇表成功，大小: 101
[2025-07-19 13:40:20] [WARNING] 嵌入层词汇表大小变化: 79 -> 101
[2025-07-19 13:40:20] [WARNING] 全连接层词汇表大小变化: 79 -> 101
[2025-07-19 13:40:20] [WARNING] 全连接层词汇表大小变化: 79 -> 101
[2025-07-19 13:40:20] [INFO] 模型已从 model/dialog_model.pth 加载
[2025-07-19 13:40:20] [INFO] 检查记忆文件: memory\memory.json
[2025-07-19 13:41:06] [INFO] 系统自检
[2025-07-19 13:41:06] [INFO] PyTorch版本: 2.7.1+cpu, 设备: cpu
[2025-07-19 13:41:06] [INFO] 系统自检完成
[2025-07-19 13:41:06] [INFO] 加载词汇表成功，大小: 101
[2025-07-19 13:41:06] [WARNING] 嵌入层词汇表大小变化: 79 -> 101
[2025-07-19 13:41:06] [WARNING] 全连接层词汇表大小变化: 79 -> 101
[2025-07-19 13:41:06] [WARNING] 全连接层词汇表大小变化: 79 -> 101
[2025-07-19 13:41:06] [INFO] 模型已从 model/dialog_model.pth 加载
[2025-07-19 13:41:07] [INFO] 检查记忆文件: memory\memory.json
[2025-07-19 13:42:32] [INFO] 系统自检
[2025-07-19 13:42:32] [INFO] PyTorch版本: 2.7.1+cpu, 设备: cpu
[2025-07-19 13:42:32] [INFO] 系统自检完成
[2025-07-19 13:42:32] [INFO] 加载词汇表成功，大小: 101
[2025-07-19 13:42:32] [WARNING] 嵌入层词汇表大小变化: 79 -> 101
[2025-07-19 13:42:32] [WARNING] 全连接层词汇表大小变化: 79 -> 101
[2025-07-19 13:42:32] [WARNING] 全连接层词汇表大小变化: 79 -> 101
[2025-07-19 13:42:32] [INFO] 模型已从 model/dialog_model.pth 加载
[2025-07-19 13:42:33] [INFO] 检查记忆文件: memory\memory.json
[2025-07-19 13:42:42] [INFO] 推理时词汇表大小已更新: 101 -> 103，重新创建模型
[2025-07-21 15:04:07] [INFO] 系统自检
[2025-07-21 15:04:07] [INFO] PyTorch版本: 2.7.1+cpu, 设备: cpu
[2025-07-21 15:04:07] [INFO] 系统自检完成
[2025-07-21 15:04:08] [INFO] 加载词汇表成功，大小: 103
[2025-07-21 15:04:09] [WARNING] 嵌入层词汇表大小变化: 79 -> 103
[2025-07-21 15:04:09] [WARNING] 全连接层词汇表大小变化: 79 -> 103
[2025-07-21 15:04:09] [WARNING] 全连接层词汇表大小变化: 79 -> 103
[2025-07-21 15:04:09] [INFO] 模型已从 model/dialog_model.pth 加载
[2025-07-21 15:04:10] [INFO] 检查记忆文件: memory\memory.json
[2025-07-21 15:16:28] [INFO] 系统自检
[2025-07-21 15:16:28] [INFO] PyTorch版本: 2.7.1+cpu, 设备: cpu
[2025-07-21 15:16:28] [INFO] 系统自检完成
[2025-07-21 15:16:28] [INFO] 加载词汇表成功，大小: 103
[2025-07-21 15:16:30] [WARNING] 忽略不存在的参数: embedding.weight
[2025-07-21 15:16:30] [WARNING] 忽略不存在的参数: lstm.weight_ih_l0
[2025-07-21 15:16:30] [WARNING] 忽略不存在的参数: lstm.weight_hh_l0
[2025-07-21 15:16:30] [WARNING] 忽略不存在的参数: lstm.bias_ih_l0
[2025-07-21 15:16:30] [WARNING] 忽略不存在的参数: lstm.bias_hh_l0
[2025-07-21 15:16:30] [WARNING] 忽略不存在的参数: lstm.weight_ih_l1
[2025-07-21 15:16:30] [WARNING] 忽略不存在的参数: lstm.weight_hh_l1
[2025-07-21 15:16:30] [WARNING] 忽略不存在的参数: lstm.bias_ih_l1
[2025-07-21 15:16:30] [WARNING] 忽略不存在的参数: lstm.bias_hh_l1
[2025-07-21 15:16:30] [WARNING] 忽略不存在的参数: fc.weight
[2025-07-21 15:16:30] [WARNING] 忽略不存在的参数: fc.bias
[2025-07-21 15:16:30] [INFO] 模型已从 model/dialog_model.pth 加载
[2025-07-21 15:16:30] [INFO] 检查记忆文件: memory\memory.json
[2025-07-21 15:16:45] [INFO] 系统自检
[2025-07-21 15:16:45] [INFO] PyTorch版本: 2.7.1+cpu, 设备: cpu
[2025-07-21 15:16:45] [INFO] 系统自检完成
[2025-07-21 15:16:45] [INFO] 加载词汇表成功，大小: 103
[2025-07-21 15:16:46] [WARNING] 忽略不存在的参数: embedding.weight
[2025-07-21 15:16:46] [WARNING] 忽略不存在的参数: lstm.weight_ih_l0
[2025-07-21 15:16:46] [WARNING] 忽略不存在的参数: lstm.weight_hh_l0
[2025-07-21 15:16:46] [WARNING] 忽略不存在的参数: lstm.bias_ih_l0
[2025-07-21 15:16:46] [WARNING] 忽略不存在的参数: lstm.bias_hh_l0
[2025-07-21 15:16:46] [WARNING] 忽略不存在的参数: lstm.weight_ih_l1
[2025-07-21 15:16:46] [WARNING] 忽略不存在的参数: lstm.weight_hh_l1
[2025-07-21 15:16:46] [WARNING] 忽略不存在的参数: lstm.bias_ih_l1
[2025-07-21 15:16:46] [WARNING] 忽略不存在的参数: lstm.bias_hh_l1
[2025-07-21 15:16:46] [WARNING] 忽略不存在的参数: fc.weight
[2025-07-21 15:16:46] [WARNING] 忽略不存在的参数: fc.bias
[2025-07-21 15:16:46] [INFO] 模型已从 model/dialog_model.pth 加载
[2025-07-21 15:16:47] [INFO] 检查记忆文件: memory\memory.json
[2025-07-21 15:16:56] [INFO] 系统自检
[2025-07-21 15:16:56] [INFO] PyTorch版本: 2.7.1+cpu, 设备: cpu
[2025-07-21 15:16:56] [INFO] 系统自检完成
[2025-07-21 15:16:56] [INFO] 加载词汇表成功，大小: 103
[2025-07-21 15:16:57] [WARNING] 忽略不存在的参数: embedding.weight
[2025-07-21 15:16:57] [WARNING] 忽略不存在的参数: lstm.weight_ih_l0
[2025-07-21 15:16:57] [WARNING] 忽略不存在的参数: lstm.weight_hh_l0
[2025-07-21 15:16:57] [WARNING] 忽略不存在的参数: lstm.bias_ih_l0
[2025-07-21 15:16:57] [WARNING] 忽略不存在的参数: lstm.bias_hh_l0
[2025-07-21 15:16:57] [WARNING] 忽略不存在的参数: lstm.weight_ih_l1
[2025-07-21 15:16:57] [WARNING] 忽略不存在的参数: lstm.weight_hh_l1
[2025-07-21 15:16:57] [WARNING] 忽略不存在的参数: lstm.bias_ih_l1
[2025-07-21 15:16:57] [WARNING] 忽略不存在的参数: lstm.bias_hh_l1
[2025-07-21 15:16:57] [WARNING] 忽略不存在的参数: fc.weight
[2025-07-21 15:16:57] [WARNING] 忽略不存在的参数: fc.bias
[2025-07-21 15:16:57] [INFO] 模型已从 model/dialog_model.pth 加载
[2025-07-21 15:16:57] [INFO] 检查记忆文件: memory\memory.json
[2025-07-22 20:20:22] [INFO] 系统自检
[2025-07-22 20:20:22] [INFO] PyTorch版本: 2.7.1+cpu, 设备: cpu
[2025-07-22 20:20:22] [INFO] 系统自检完成
[2025-07-22 20:20:23] [INFO] 加载词汇表成功，大小: 103
[2025-07-22 20:20:24] [WARNING] 忽略不存在的参数: embedding.weight
[2025-07-22 20:20:24] [WARNING] 忽略不存在的参数: lstm.weight_ih_l0
[2025-07-22 20:20:24] [WARNING] 忽略不存在的参数: lstm.weight_hh_l0
[2025-07-22 20:20:24] [WARNING] 忽略不存在的参数: lstm.bias_ih_l0
[2025-07-22 20:20:24] [WARNING] 忽略不存在的参数: lstm.bias_hh_l0
[2025-07-22 20:20:24] [WARNING] 忽略不存在的参数: lstm.weight_ih_l1
[2025-07-22 20:20:24] [WARNING] 忽略不存在的参数: lstm.weight_hh_l1
[2025-07-22 20:20:24] [WARNING] 忽略不存在的参数: lstm.bias_ih_l1
[2025-07-22 20:20:24] [WARNING] 忽略不存在的参数: lstm.bias_hh_l1
[2025-07-22 20:20:24] [WARNING] 忽略不存在的参数: fc.weight
[2025-07-22 20:20:24] [WARNING] 忽略不存在的参数: fc.bias
[2025-07-22 20:20:24] [INFO] 模型已从 model/dialog_model.pth 加载
[2025-07-22 20:20:25] [INFO] 检查记忆文件: memory\memory.json
[2025-07-22 20:23:17] [INFO] 系统自检
[2025-07-22 20:23:17] [INFO] PyTorch版本: 2.7.1+cpu, 设备: cpu
[2025-07-22 20:23:17] [INFO] 系统自检完成
[2025-07-22 20:23:17] [INFO] 加载词汇表成功，大小: 103
[2025-07-22 20:23:18] [WARNING] 忽略不存在的参数: embedding.weight
[2025-07-22 20:23:18] [WARNING] 忽略不存在的参数: lstm.weight_ih_l0
[2025-07-22 20:23:18] [WARNING] 忽略不存在的参数: lstm.weight_hh_l0
[2025-07-22 20:23:18] [WARNING] 忽略不存在的参数: lstm.bias_ih_l0
[2025-07-22 20:23:18] [WARNING] 忽略不存在的参数: lstm.bias_hh_l0
[2025-07-22 20:23:18] [WARNING] 忽略不存在的参数: lstm.weight_ih_l1
[2025-07-22 20:23:18] [WARNING] 忽略不存在的参数: lstm.weight_hh_l1
[2025-07-22 20:23:18] [WARNING] 忽略不存在的参数: lstm.bias_ih_l1
[2025-07-22 20:23:18] [WARNING] 忽略不存在的参数: lstm.bias_hh_l1
[2025-07-22 20:23:18] [WARNING] 忽略不存在的参数: fc.weight
[2025-07-22 20:23:18] [WARNING] 忽略不存在的参数: fc.bias
[2025-07-22 20:23:18] [INFO] 模型已从 model/dialog_model.pth 加载
[2025-07-22 20:23:19] [INFO] 检查记忆文件: memory\memory.json
[2025-07-22 21:21:15] [INFO] 系统自检
[2025-07-22 21:21:15] [INFO] PyTorch版本: 2.7.1+cpu, 设备: cpu
[2025-07-22 21:21:15] [INFO] 系统自检完成
[2025-07-22 21:21:15] [INFO] 加载词汇表成功，大小: 103
[2025-07-22 21:21:16] [WARNING] 忽略不存在的参数: embedding.weight
[2025-07-22 21:21:16] [WARNING] 忽略不存在的参数: lstm.weight_ih_l0
[2025-07-22 21:21:16] [WARNING] 忽略不存在的参数: lstm.weight_hh_l0
[2025-07-22 21:21:16] [WARNING] 忽略不存在的参数: lstm.bias_ih_l0
[2025-07-22 21:21:16] [WARNING] 忽略不存在的参数: lstm.bias_hh_l0
[2025-07-22 21:21:16] [WARNING] 忽略不存在的参数: lstm.weight_ih_l1
[2025-07-22 21:21:16] [WARNING] 忽略不存在的参数: lstm.weight_hh_l1
[2025-07-22 21:21:16] [WARNING] 忽略不存在的参数: lstm.bias_ih_l1
[2025-07-22 21:21:16] [WARNING] 忽略不存在的参数: lstm.bias_hh_l1
[2025-07-22 21:21:16] [WARNING] 忽略不存在的参数: fc.weight
[2025-07-22 21:21:16] [WARNING] 忽略不存在的参数: fc.bias
[2025-07-22 21:21:16] [INFO] 模型已从 model/dialog_model.pth 加载
[2025-07-22 21:21:17] [INFO] 检查记忆文件: memory\memory.json
[2025-07-22 21:28:14] [INFO] 系统自检
[2025-07-22 21:28:14] [INFO] PyTorch版本: 2.7.1+cpu, 设备: cpu
[2025-07-22 21:28:14] [INFO] 系统自检完成
[2025-07-22 21:28:14] [INFO] 加载词汇表成功，大小: 103
[2025-07-22 21:28:15] [WARNING] 忽略不存在的参数: embedding.weight
[2025-07-22 21:28:15] [WARNING] 忽略不存在的参数: lstm.weight_ih_l0
[2025-07-22 21:28:15] [WARNING] 忽略不存在的参数: lstm.weight_hh_l0
[2025-07-22 21:28:15] [WARNING] 忽略不存在的参数: lstm.bias_ih_l0
[2025-07-22 21:28:15] [WARNING] 忽略不存在的参数: lstm.bias_hh_l0
[2025-07-22 21:28:15] [WARNING] 忽略不存在的参数: lstm.weight_ih_l1
[2025-07-22 21:28:15] [WARNING] 忽略不存在的参数: lstm.weight_hh_l1
[2025-07-22 21:28:15] [WARNING] 忽略不存在的参数: lstm.bias_ih_l1
[2025-07-22 21:28:15] [WARNING] 忽略不存在的参数: lstm.bias_hh_l1
[2025-07-22 21:28:15] [WARNING] 忽略不存在的参数: fc.weight
[2025-07-22 21:28:15] [WARNING] 忽略不存在的参数: fc.bias
[2025-07-22 21:28:15] [INFO] 模型已从 model/dialog_model.pth 加载
[2025-07-22 21:28:16] [INFO] 检查记忆文件: memory\memory.json
[2025-07-23 21:11:25] [INFO] 系统自检
[2025-07-23 21:11:25] [INFO] PyTorch版本: 2.7.1+cpu, 设备: cpu
[2025-07-23 21:11:25] [INFO] 系统自检完成
[2025-07-23 21:11:25] [INFO] 加载词汇表成功，大小: 103
[2025-07-23 21:11:27] [WARNING] 忽略不存在的参数: embedding.weight
[2025-07-23 21:11:27] [WARNING] 忽略不存在的参数: lstm.weight_ih_l0
[2025-07-23 21:11:27] [WARNING] 忽略不存在的参数: lstm.weight_hh_l0
[2025-07-23 21:11:27] [WARNING] 忽略不存在的参数: lstm.bias_ih_l0
[2025-07-23 21:11:27] [WARNING] 忽略不存在的参数: lstm.bias_hh_l0
[2025-07-23 21:11:27] [WARNING] 忽略不存在的参数: lstm.weight_ih_l1
[2025-07-23 21:11:27] [WARNING] 忽略不存在的参数: lstm.weight_hh_l1
[2025-07-23 21:11:27] [WARNING] 忽略不存在的参数: lstm.bias_ih_l1
[2025-07-23 21:11:27] [WARNING] 忽略不存在的参数: lstm.bias_hh_l1
[2025-07-23 21:11:27] [WARNING] 忽略不存在的参数: fc.weight
[2025-07-23 21:11:27] [WARNING] 忽略不存在的参数: fc.bias
[2025-07-23 21:11:27] [INFO] 模型已从 model/dialog_model.pth 加载
[2025-07-23 21:11:28] [INFO] 检查记忆文件: memory\memory.json
[2025-07-23 21:17:29] [INFO] 系统自检
[2025-07-23 21:17:29] [INFO] PyTorch版本: 2.7.1+cpu, 设备: cpu
[2025-07-23 21:17:29] [INFO] 系统自检完成
[2025-07-23 21:17:29] [INFO] 加载词汇表成功，大小: 103
[2025-07-23 21:17:30] [WARNING] 忽略不存在的参数: embedding.weight
[2025-07-23 21:17:30] [WARNING] 忽略不存在的参数: lstm.weight_ih_l0
[2025-07-23 21:17:30] [WARNING] 忽略不存在的参数: lstm.weight_hh_l0
[2025-07-23 21:17:30] [WARNING] 忽略不存在的参数: lstm.bias_ih_l0
[2025-07-23 21:17:30] [WARNING] 忽略不存在的参数: lstm.bias_hh_l0
[2025-07-23 21:17:30] [WARNING] 忽略不存在的参数: lstm.weight_ih_l1
[2025-07-23 21:17:30] [WARNING] 忽略不存在的参数: lstm.weight_hh_l1
[2025-07-23 21:17:30] [WARNING] 忽略不存在的参数: lstm.bias_ih_l1
[2025-07-23 21:17:30] [WARNING] 忽略不存在的参数: lstm.bias_hh_l1
[2025-07-23 21:17:30] [WARNING] 忽略不存在的参数: fc.weight
[2025-07-23 21:17:30] [WARNING] 忽略不存在的参数: fc.bias
[2025-07-23 21:17:30] [INFO] 模型已从 model/dialog_model.pth 加载
[2025-07-23 21:17:30] [INFO] 检查记忆文件: memory\memory.json
[2025-07-25 18:21:50] [INFO] 系统自检
[2025-07-25 18:23:35] [INFO] 系统自检
[2025-07-25 18:23:35] [INFO] PyTorch版本: 2.7.1+cpu, 设备: cpu
[2025-07-25 18:23:35] [INFO] 系统自检完成
[2025-07-25 18:24:52] [INFO] 系统自检
[2025-07-25 18:24:52] [INFO] PyTorch版本: 2.7.1+cpu, 设备: cpu
[2025-07-25 18:24:52] [INFO] 系统自检完成
[2025-07-25 18:24:52] [INFO] 加载词汇表成功，大小: 103
[2025-07-25 18:25:43] [INFO] 系统自检
[2025-07-25 18:25:43] [INFO] PyTorch版本: 2.7.1+cpu, 设备: cpu
[2025-07-25 18:25:43] [INFO] 系统自检完成
[2025-07-25 18:25:43] [INFO] 加载词汇表成功，大小: 103
[2025-07-25 18:26:58] [INFO] 系统自检
[2025-07-25 18:26:58] [INFO] PyTorch版本: 2.7.1+cpu, 设备: cpu
[2025-07-25 18:26:58] [INFO] 系统自检完成
[2025-07-25 18:26:58] [INFO] 加载词汇表成功，大小: 103
[2025-07-25 18:26:59] [WARNING] 忽略不存在的参数: embedding.weight
[2025-07-25 18:26:59] [WARNING] 忽略不存在的参数: lstm.weight_ih_l0
[2025-07-25 18:26:59] [WARNING] 忽略不存在的参数: lstm.weight_hh_l0
[2025-07-25 18:26:59] [WARNING] 忽略不存在的参数: lstm.bias_ih_l0
[2025-07-25 18:26:59] [WARNING] 忽略不存在的参数: lstm.bias_hh_l0
[2025-07-25 18:26:59] [WARNING] 忽略不存在的参数: lstm.weight_ih_l1
[2025-07-25 18:26:59] [WARNING] 忽略不存在的参数: lstm.weight_hh_l1
[2025-07-25 18:26:59] [WARNING] 忽略不存在的参数: lstm.bias_ih_l1
[2025-07-25 18:26:59] [WARNING] 忽略不存在的参数: lstm.bias_hh_l1
[2025-07-25 18:26:59] [WARNING] 忽略不存在的参数: fc.weight
[2025-07-25 18:26:59] [WARNING] 忽略不存在的参数: fc.bias
[2025-07-25 18:26:59] [INFO] 模型已从 model/dialog_model.pth 加载
[2025-07-25 18:27:00] [INFO] 检查记忆文件: memory\memory.json
[2025-07-25 18:27:33] [INFO] 应用程序已退出
[2025-07-25 18:27:37] [INFO] 系统自检
[2025-07-25 18:27:37] [INFO] PyTorch版本: 2.7.1+cpu, 设备: cpu
[2025-07-25 18:27:37] [INFO] 系统自检完成
[2025-07-25 18:27:37] [INFO] 加载词汇表成功，大小: 103
[2025-07-25 18:27:38] [WARNING] 忽略不存在的参数: embedding.weight
[2025-07-25 18:27:38] [WARNING] 忽略不存在的参数: lstm.weight_ih_l0
[2025-07-25 18:27:38] [WARNING] 忽略不存在的参数: lstm.weight_hh_l0
[2025-07-25 18:27:38] [WARNING] 忽略不存在的参数: lstm.bias_ih_l0
[2025-07-25 18:27:38] [WARNING] 忽略不存在的参数: lstm.bias_hh_l0
[2025-07-25 18:27:38] [WARNING] 忽略不存在的参数: lstm.weight_ih_l1
[2025-07-25 18:27:38] [WARNING] 忽略不存在的参数: lstm.weight_hh_l1
[2025-07-25 18:27:38] [WARNING] 忽略不存在的参数: lstm.bias_ih_l1
[2025-07-25 18:27:38] [WARNING] 忽略不存在的参数: lstm.bias_hh_l1
[2025-07-25 18:27:38] [WARNING] 忽略不存在的参数: fc.weight
[2025-07-25 18:27:38] [WARNING] 忽略不存在的参数: fc.bias
[2025-07-25 18:27:38] [INFO] 模型已从 model/dialog_model.pth 加载
[2025-07-25 18:27:38] [INFO] 检查记忆文件: memory\memory.json
[2025-07-25 18:28:18] [INFO] 应用程序已退出
[2025-07-25 18:29:57] [INFO] 系统自检
[2025-07-25 18:29:57] [INFO] PyTorch版本: 2.7.1+cpu, 设备: cpu
[2025-07-25 18:29:57] [INFO] 系统自检完成
[2025-07-25 18:29:57] [INFO] 加载词汇表成功，大小: 103
[2025-07-25 18:29:57] [WARNING] 忽略不存在的参数: embedding.weight
[2025-07-25 18:29:57] [WARNING] 忽略不存在的参数: lstm.weight_ih_l0
[2025-07-25 18:29:57] [WARNING] 忽略不存在的参数: lstm.weight_hh_l0
[2025-07-25 18:29:57] [WARNING] 忽略不存在的参数: lstm.bias_ih_l0
[2025-07-25 18:29:57] [WARNING] 忽略不存在的参数: lstm.bias_hh_l0
[2025-07-25 18:29:57] [WARNING] 忽略不存在的参数: lstm.weight_ih_l1
[2025-07-25 18:29:57] [WARNING] 忽略不存在的参数: lstm.weight_hh_l1
[2025-07-25 18:29:57] [WARNING] 忽略不存在的参数: lstm.bias_ih_l1
[2025-07-25 18:29:57] [WARNING] 忽略不存在的参数: lstm.bias_hh_l1
[2025-07-25 18:29:57] [WARNING] 忽略不存在的参数: fc.weight
[2025-07-25 18:29:57] [WARNING] 忽略不存在的参数: fc.bias
[2025-07-25 18:29:57] [INFO] 模型已从 model/dialog_model.pth 加载
[2025-07-25 18:29:58] [INFO] 检查记忆文件: memory\memory.json
[2025-07-25 19:00:42] [INFO] 系统自检
[2025-07-25 19:00:42] [INFO] PyTorch版本: 2.7.1+cpu, 设备: cpu
[2025-07-25 19:00:42] [INFO] 系统自检完成
[2025-07-25 19:00:42] [INFO] 加载词汇表成功，大小: 103
[2025-07-25 19:00:44] [WARNING] 忽略不存在的参数: embedding.weight
[2025-07-25 19:00:44] [WARNING] 忽略不存在的参数: lstm.weight_ih_l0
[2025-07-25 19:00:44] [WARNING] 忽略不存在的参数: lstm.weight_hh_l0
[2025-07-25 19:00:44] [WARNING] 忽略不存在的参数: lstm.bias_ih_l0
[2025-07-25 19:00:44] [WARNING] 忽略不存在的参数: lstm.bias_hh_l0
[2025-07-25 19:00:44] [WARNING] 忽略不存在的参数: lstm.weight_ih_l1
[2025-07-25 19:00:44] [WARNING] 忽略不存在的参数: lstm.weight_hh_l1
[2025-07-25 19:00:44] [WARNING] 忽略不存在的参数: lstm.bias_ih_l1
[2025-07-25 19:00:44] [WARNING] 忽略不存在的参数: lstm.bias_hh_l1
[2025-07-25 19:00:44] [WARNING] 忽略不存在的参数: fc.weight
[2025-07-25 19:00:44] [WARNING] 忽略不存在的参数: fc.bias
[2025-07-25 19:00:44] [INFO] 模型已从 model/dialog_model.pth 加载
[2025-07-25 19:00:45] [INFO] 检查记忆文件: memory\memory.json
[2025-07-25 19:01:30] [INFO] 系统自检
[2025-07-25 19:01:30] [INFO] PyTorch版本: 2.7.1+cpu, 设备: cpu
[2025-07-25 19:01:30] [INFO] 系统自检完成
[2025-07-25 19:01:30] [INFO] 加载词汇表成功，大小: 103
[2025-07-25 19:01:31] [WARNING] 忽略不存在的参数: embedding.weight
[2025-07-25 19:01:31] [WARNING] 忽略不存在的参数: lstm.weight_ih_l0
[2025-07-25 19:01:31] [WARNING] 忽略不存在的参数: lstm.weight_hh_l0
[2025-07-25 19:01:31] [WARNING] 忽略不存在的参数: lstm.bias_ih_l0
[2025-07-25 19:01:31] [WARNING] 忽略不存在的参数: lstm.bias_hh_l0
[2025-07-25 19:01:31] [WARNING] 忽略不存在的参数: lstm.weight_ih_l1
[2025-07-25 19:01:31] [WARNING] 忽略不存在的参数: lstm.weight_hh_l1
[2025-07-25 19:01:31] [WARNING] 忽略不存在的参数: lstm.bias_ih_l1
[2025-07-25 19:01:31] [WARNING] 忽略不存在的参数: lstm.bias_hh_l1
[2025-07-25 19:01:31] [WARNING] 忽略不存在的参数: fc.weight
[2025-07-25 19:01:31] [WARNING] 忽略不存在的参数: fc.bias
[2025-07-25 19:01:31] [INFO] 模型已从 model/dialog_model.pth 加载
[2025-07-25 19:01:32] [INFO] 检查记忆文件: memory\memory.json
[2025-07-25 19:02:35] [INFO] 应用程序已退出
[2025-07-25 19:07:01] [INFO] 系统自检
[2025-07-25 19:07:01] [INFO] PyTorch版本: 2.7.1+cpu, 设备: cpu
[2025-07-25 19:07:01] [INFO] 系统自检完成
[2025-07-25 19:07:01] [INFO] 加载词汇表成功，大小: 103
[2025-07-25 19:07:02] [WARNING] 忽略不存在的参数: embedding.weight
[2025-07-25 19:07:02] [WARNING] 忽略不存在的参数: lstm.weight_ih_l0
[2025-07-25 19:07:02] [WARNING] 忽略不存在的参数: lstm.weight_hh_l0
[2025-07-25 19:07:02] [WARNING] 忽略不存在的参数: lstm.bias_ih_l0
[2025-07-25 19:07:02] [WARNING] 忽略不存在的参数: lstm.bias_hh_l0
[2025-07-25 19:07:02] [WARNING] 忽略不存在的参数: lstm.weight_ih_l1
[2025-07-25 19:07:02] [WARNING] 忽略不存在的参数: lstm.weight_hh_l1
[2025-07-25 19:07:02] [WARNING] 忽略不存在的参数: lstm.bias_ih_l1
[2025-07-25 19:07:02] [WARNING] 忽略不存在的参数: lstm.bias_hh_l1
[2025-07-25 19:07:02] [WARNING] 忽略不存在的参数: fc.weight
[2025-07-25 19:07:02] [WARNING] 忽略不存在的参数: fc.bias
[2025-07-25 19:07:02] [INFO] 模型已从 model/dialog_model.pth 加载
[2025-07-25 19:07:03] [INFO] 检查记忆文件: memory\memory.json
[2025-07-25 19:09:20] [INFO] 系统自检
[2025-07-25 19:09:20] [INFO] PyTorch版本: 2.7.1+cpu, 设备: cpu
[2025-07-25 19:09:20] [INFO] 系统自检完成
[2025-07-25 19:09:21] [INFO] 加载词汇表成功，大小: 103
[2025-07-25 19:09:21] [WARNING] 忽略不存在的参数: embedding.weight
[2025-07-25 19:09:21] [WARNING] 忽略不存在的参数: lstm.weight_ih_l0
[2025-07-25 19:09:21] [WARNING] 忽略不存在的参数: lstm.weight_hh_l0
[2025-07-25 19:09:21] [WARNING] 忽略不存在的参数: lstm.bias_ih_l0
[2025-07-25 19:09:21] [WARNING] 忽略不存在的参数: lstm.bias_hh_l0
[2025-07-25 19:09:21] [WARNING] 忽略不存在的参数: lstm.weight_ih_l1
[2025-07-25 19:09:21] [WARNING] 忽略不存在的参数: lstm.weight_hh_l1
[2025-07-25 19:09:21] [WARNING] 忽略不存在的参数: lstm.bias_ih_l1
[2025-07-25 19:09:21] [WARNING] 忽略不存在的参数: lstm.bias_hh_l1
[2025-07-25 19:09:21] [WARNING] 忽略不存在的参数: fc.weight
[2025-07-25 19:09:21] [WARNING] 忽略不存在的参数: fc.bias
[2025-07-25 19:09:21] [INFO] 模型已从 model/dialog_model.pth 加载
[2025-07-25 19:09:22] [INFO] 检查记忆文件: memory\memory.json
[2025-07-25 19:11:40] [INFO] 系统自检
[2025-07-25 19:11:40] [INFO] PyTorch版本: 2.7.1+cpu, 设备: cpu
[2025-07-25 19:11:40] [INFO] 系统自检完成
[2025-07-25 19:11:40] [INFO] 加载词汇表成功，大小: 103
[2025-07-25 19:11:41] [WARNING] 忽略不存在的参数: embedding.weight
[2025-07-25 19:11:41] [WARNING] 忽略不存在的参数: lstm.weight_ih_l0
[2025-07-25 19:11:41] [WARNING] 忽略不存在的参数: lstm.weight_hh_l0
[2025-07-25 19:11:41] [WARNING] 忽略不存在的参数: lstm.bias_ih_l0
[2025-07-25 19:11:41] [WARNING] 忽略不存在的参数: lstm.bias_hh_l0
[2025-07-25 19:11:41] [WARNING] 忽略不存在的参数: lstm.weight_ih_l1
[2025-07-25 19:11:41] [WARNING] 忽略不存在的参数: lstm.weight_hh_l1
[2025-07-25 19:11:41] [WARNING] 忽略不存在的参数: lstm.bias_ih_l1
[2025-07-25 19:11:41] [WARNING] 忽略不存在的参数: lstm.bias_hh_l1
[2025-07-25 19:11:41] [WARNING] 忽略不存在的参数: fc.weight
[2025-07-25 19:11:41] [WARNING] 忽略不存在的参数: fc.bias
[2025-07-25 19:11:41] [INFO] 模型已从 model/dialog_model.pth 加载
[2025-07-25 19:11:42] [INFO] 检查记忆文件: memory\memory.json
[2025-07-25 19:33:36] [INFO] 系统自检
[2025-07-25 19:33:36] [INFO] PyTorch版本: 2.7.1+cpu, 设备: cpu
[2025-07-25 19:33:36] [INFO] 系统自检完成
[2025-07-25 19:51:52] [INFO] 系统自检
[2025-07-25 19:51:52] [INFO] PyTorch版本: 2.7.1+cpu, 设备: cpu
[2025-07-25 19:51:52] [INFO] 系统自检完成
[2025-07-25 19:53:12] [INFO] 系统自检
[2025-07-25 19:53:12] [INFO] PyTorch版本: 2.7.1+cpu, 设备: cpu
[2025-07-25 19:53:12] [INFO] 系统自检完成
[2025-07-25 19:55:00] [INFO] 系统自检
[2025-07-25 19:55:00] [INFO] PyTorch版本: 2.7.1+cpu, 设备: cpu
[2025-07-25 19:55:00] [INFO] 系统自检完成
[2025-07-25 19:57:54] [INFO] 系统自检
[2025-07-25 19:57:54] [INFO] PyTorch版本: 2.7.1+cpu, 设备: cpu
[2025-07-25 19:57:54] [INFO] 系统自检完成
[2025-07-25 19:58:26] [INFO] 系统自检
[2025-07-25 19:58:26] [INFO] PyTorch版本: 2.7.1+cpu, 设备: cpu
[2025-07-25 19:58:26] [INFO] 系统自检完成
[2025-07-25 20:03:24] [INFO] 系统自检
[2025-07-25 20:03:24] [INFO] PyTorch版本: 2.7.1+cpu, 设备: cpu
[2025-07-25 20:03:24] [INFO] 系统自检完成
[2025-07-25 20:03:24] [INFO] 加载词汇表成功，大小: 103
[2025-07-25 20:03:26] [WARNING] 忽略不存在的参数: embedding.weight
[2025-07-25 20:03:26] [WARNING] 忽略不存在的参数: lstm.weight_ih_l0
[2025-07-25 20:03:26] [WARNING] 忽略不存在的参数: lstm.weight_hh_l0
[2025-07-25 20:03:26] [WARNING] 忽略不存在的参数: lstm.bias_ih_l0
[2025-07-25 20:03:26] [WARNING] 忽略不存在的参数: lstm.bias_hh_l0
[2025-07-25 20:03:26] [WARNING] 忽略不存在的参数: lstm.weight_ih_l1
[2025-07-25 20:03:26] [WARNING] 忽略不存在的参数: lstm.weight_hh_l1
[2025-07-25 20:03:26] [WARNING] 忽略不存在的参数: lstm.bias_ih_l1
[2025-07-25 20:03:26] [WARNING] 忽略不存在的参数: lstm.bias_hh_l1
[2025-07-25 20:03:26] [WARNING] 忽略不存在的参数: fc.weight
[2025-07-25 20:03:26] [WARNING] 忽略不存在的参数: fc.bias
[2025-07-25 20:03:26] [INFO] 模型已从 model/dialog_model.pth 加载
[2025-07-25 20:03:26] [INFO] 检查记忆文件: memory\memory.json
[2025-07-25 20:03:45] [INFO] 推理时词汇表大小已更新: 103 -> 105，重新创建模型
[2025-07-25 20:03:45] [ERROR] 推理过程中出错: 'Config' object has no attribute 'num_layers'
[2025-07-25 20:03:55] [INFO] 系统自检
[2025-07-25 20:03:55] [INFO] PyTorch版本: 2.7.1+cpu, 设备: cpu
[2025-07-25 20:03:55] [INFO] 系统自检完成
[2025-07-25 20:03:55] [INFO] 加载词汇表成功，大小: 105
[2025-07-25 20:03:56] [WARNING] 忽略不存在的参数: embedding.weight
[2025-07-25 20:03:56] [WARNING] 忽略不存在的参数: lstm.weight_ih_l0
[2025-07-25 20:03:56] [WARNING] 忽略不存在的参数: lstm.weight_hh_l0
[2025-07-25 20:03:56] [WARNING] 忽略不存在的参数: lstm.bias_ih_l0
[2025-07-25 20:03:56] [WARNING] 忽略不存在的参数: lstm.bias_hh_l0
[2025-07-25 20:03:56] [WARNING] 忽略不存在的参数: lstm.weight_ih_l1
[2025-07-25 20:03:56] [WARNING] 忽略不存在的参数: lstm.weight_hh_l1
[2025-07-25 20:03:56] [WARNING] 忽略不存在的参数: lstm.bias_ih_l1
[2025-07-25 20:03:56] [WARNING] 忽略不存在的参数: lstm.bias_hh_l1
[2025-07-25 20:03:56] [WARNING] 忽略不存在的参数: fc.weight
[2025-07-25 20:03:56] [WARNING] 忽略不存在的参数: fc.bias
[2025-07-25 20:03:56] [INFO] 模型已从 model/dialog_model.pth 加载
[2025-07-25 20:03:57] [INFO] 检查记忆文件: memory\memory.json
[2025-07-25 20:05:57] [INFO] 系统自检
[2025-07-25 20:05:57] [INFO] PyTorch版本: 2.7.1+cpu, 设备: cpu
[2025-07-25 20:05:57] [INFO] 系统自检完成
[2025-07-25 20:05:57] [INFO] 加载词汇表成功，大小: 105
[2025-07-25 20:05:58] [WARNING] 忽略不存在的参数: embedding.weight
[2025-07-25 20:05:58] [WARNING] 忽略不存在的参数: lstm.weight_ih_l0
[2025-07-25 20:05:58] [WARNING] 忽略不存在的参数: lstm.weight_hh_l0
[2025-07-25 20:05:58] [WARNING] 忽略不存在的参数: lstm.bias_ih_l0
[2025-07-25 20:05:58] [WARNING] 忽略不存在的参数: lstm.bias_hh_l0
[2025-07-25 20:05:58] [WARNING] 忽略不存在的参数: lstm.weight_ih_l1
[2025-07-25 20:05:58] [WARNING] 忽略不存在的参数: lstm.weight_hh_l1
[2025-07-25 20:05:58] [WARNING] 忽略不存在的参数: lstm.bias_ih_l1
[2025-07-25 20:05:58] [WARNING] 忽略不存在的参数: lstm.bias_hh_l1
[2025-07-25 20:05:58] [WARNING] 忽略不存在的参数: fc.weight
[2025-07-25 20:05:58] [WARNING] 忽略不存在的参数: fc.bias
[2025-07-25 20:05:58] [INFO] 模型已从 model/dialog_model.pth 加载
[2025-07-25 20:05:59] [INFO] 检查记忆文件: memory\memory.json
[2025-07-25 20:06:19] [ERROR] 推理过程中出错: 'LSTMDialogNet' object has no attribute 'embedding'
[2025-07-25 20:06:27] [INFO] 应用程序已退出
[2025-07-25 20:11:49] [INFO] 系统自检
[2025-07-25 20:11:49] [INFO] PyTorch版本: 2.7.1+cpu, 设备: cpu
[2025-07-25 20:11:49] [INFO] 系统自检完成
[2025-07-25 20:11:49] [INFO] 加载词汇表成功，大小: 105
[2025-07-25 20:15:55] [INFO] 系统自检
[2025-07-25 20:15:55] [INFO] PyTorch版本: 2.7.1+cpu, 设备: cpu
[2025-07-25 20:15:55] [INFO] 系统自检完成
[2025-07-25 20:15:55] [INFO] 加载词汇表成功，大小: 105
[2025-07-25 20:15:56] [WARNING] 嵌入层词汇表大小变化: 79 -> 105
[2025-07-25 20:15:56] [ERROR] 加载模型失败: The expanded size of the tensor (128) must match the existing size (64) at non-singleton dimension 1.  Target sizes: [79, 128].  Tensor sizes: [79, 64]
[2025-07-25 20:15:56] [WARNING] 警告：未加载任何模型，响应质量可能不佳
[2025-07-25 20:15:56] [INFO] 将使用新模型进行训练
[2025-07-25 20:15:57] [INFO] 检查记忆文件: memory\memory.json
[2025-07-25 20:18:36] [ERROR] 推理过程中出错: 'LSTMDialogNet' object has no attribute 'lstm'
